Case #1: IMPOSSIBLE
Case #2: IMPOSSIBLE
Case #3: 5 6 7 8 15 3 4 1 9 10 13 14 16 17 18 19 22 12 23 26 21 30 20 2 29 43 31 24 27 11 25 28 32 33 35 36 37 34 40 41 38 44 46 47 49 48 50 51 39 53 54 55 56 59 60 61 62 63 68 42 45 69 52 57 70 71 58 72 75 74 76 77 64 78 79 80 65 84 85 66 86 87 88 89 91 92 94 67 95 73 96 97 98 99 100 81 101 82 83 90 102 103 104 105 93 106 107
Case #4: IMPOSSIBLE
Case #5: IMPOSSIBLE
Case #6: IMPOSSIBLE
Case #7: IMPOSSIBLE
Case #8: IMPOSSIBLE
Case #9: 5 6 9 7 10 11 12 2 3 4 1 13 14 15 16 17 18 19 20 21 22 8 23 24 26 27 25 28 29 31 32 33 34 35 36 37 38 39 40 30 41 42 43 45 46 47 48 49 44 50
Case #10: IMPOSSIBLE
Case #11: IMPOSSIBLE
Case #12: 3 4 7 13 1 6 8 14 9 12 2 5 15 17 20 10 11 18 19 16 21 22 23 24 25 26 27 29 30 28
Case #13: IMPOSSIBLE
Case #14: IMPOSSIBLE
Case #15: 5 6 1 2 10 12 16 14 8 18 20 27 9 11 23 33 15 24 63 19 13 17 3 26 28 29 30 32 4 34 35 7 36 38 39 21 40 41 25 42 43 46 22 45 47 48 51 54 57 49 31 37 58 59 44 52 50 60 64 65 69 53 71 72 73 55 75 78 56 62 76 81 82 66 61 86 68 85 77 87 67 88 70 89 90 92 93 94 80 74 100 102 107 95 83 104 113 130 115 108 117 84 97 79 118 122 123 91 119 96 132 133 98 99 101 109 103 105 125 114 116 126 127 136 139 142 147 128 106 121 129 110 111 112 120 124 131 134 138 148 151 140 150 152 153 154 135 141 156 157 137 159 160 162 144 146 163 165 143 166 145 149 167 171 155 158 161 168 172 173 174 175 176 170 177 178 179 180 181 183 185 186 182 187 184 164 188 189 169 190 191 192 193 194 195 196 198 199 200 197
Case #16: IMPOSSIBLE
Case #17: 2 1 3 4 5 6 7 8 9 10 11 15 12 13 14 19 20 21 23 25 16 17 18 27 22 24 26 29 28 30 31 32 33 34 35 36 37 38 39 40 41 42 43 44 45 46 47 48 49 50 51 52 53 54 55 56 57 58 59 60 61 62 63 64 65 66 67 68 69 70 71 72 73 74 75 76 77 78 79 80 81 82 83 84
Case #18: 3 8 7 5 10 12 1 2 13 14 15 4 16 6 18 19 20 21 11 22 23 25 24 26 27 17 28 29 30 31 9 32 33 34 35 36 37 38 39 40 41 42 43 44 45 46 47 48 49 50 51 52 53 54 55 56 57 58 59 60 61 62 63 64 65 66 67 68 69 70 71 72 73 74 75 76 77 78 79 80 81 82 83 84 85 86 87 88 89 90 91 92 93 94 95 96 97 98 99 100 101 102 103 104 105 106 107 108 109 110 111 112 113 114 115 116 117 118 119 120 121 122 123 124 125 126 127
Case #19: 3 2 4 6 1 9 5 10 8 12 16 17 18 19 7 20 22 23 11 24 25 13 26 27 28 29 30 31 14 32 33 34 35 15 21 36 37 38 39 40 41 42 43 44 45 47 48 49 50 51 46 53 54 56 57 58 59 61 52 55 62 60 63
Case #20: IMPOSSIBLE
Case #21: IMPOSSIBLE
Case #22: 1 2 3 4 5 6 7 8 9 10 11 12 13 14 15 16 17 18 19 20 21 22 23 24 25 26 27 28 29 30 31 32 33 34 35 36 37 38 39 40 41 42 43 44 45 46 47 48 49 50 51 52 53 54 55 56 57 58 59 60 61 62 63 64 65 66 67 68 69 70 71 72 73 74 75 76 77 78 79 80 81 82 83 84 85 86 87 88 89 90 91 92 93 94 95 96 97 98 99 100 101 102 103 104 105 106 107 108 109 110 111 112 113 114 115 116 117 118 119 120 121 122 123 124 125 126 127 128 129 130 131 132 133 134 135 136 137 138 139 140 141 142 143 144 145 146 147 148 149 150 151 152 153 154 155 156 157 158 159 160 161 162 163 164 165 166 167 168 169 170 171 172 173 174 175 176 177 178 179 180 181 182 183 184 185 186 187 188 189 190 191 192 193 194 195 196 197 198 199 200
Case #23: IMPOSSIBLE
Case #24: 6 7 4 9 1 2 10 13 5 14 18 19 22 26 28 11 8 12 16 17 21 23 27 30 31 32 33 37 15 25 29 36 38 40 24 41 35 42 34 44 3 45 20 46 47 48 50 51 52 53 54 56 57 58 59 60 61 63 39 65 67 70 71 73 74 75 76 77 80 43 81 78 82 83 49 84 86 87 55 72 64 89 90 91 93 96 97 79 66 85 88 94 98 99 100 104 105 62 106 107 108 109 110 113 114 115 116 68 102 119 111 118 121 122 120 123 124 69 125 126 95 127 128 129 130 132 133 134 135 136 137 138 139 140 141 142 143 92 145 146 101 147 103 131 117 148 149 150 151 112 152 154 155 156 157 158 159 160 161 162 163 164 165 166 167 168 169 170 171 172 173 144 174 175 176 177 178 179 180 153 181 182 183 184 185 186 187 188 189 190 191 192 193 194 195 196 197 198 199 200
Case #25: 4 12 8 5 9 10 14 7 27 65 19 16 21 11 22 13 2 17 20 23 25 28 26 32 6 15 24 30 33 34 29 36 35 38 39 37 40 42 43 44 31 45 46 1 47 48 49 50 51 52 53 54 55 56 57 3 58 59 60 61 62 63 64 66 18 67 68 69 70 74 75 41 76 77 78 79 80 84 85 86 71 88 72 89 90 83 93 91 73 94 95 96 97 81 98 92 99 100 82 101 102 103 105 106 107 108 110 111 87 104 112 115 109 114 116 117 119 120 121 122 123 124 126 127 128 130 113 131 118 133 134 135 136 137 129 138 139 140 132 125 141 143 144 145 146 147 148 151 152 142 149 154 155 150 156 153 157 158 159 160 161 162 163 164 165 166 167 169 170 171 172 173 174 175 168 176 177 178 179 180 181 182 183 184 185 187 188 186 189 190 191 192 193 194 195 196 197 198 199 200
