Case #1: IMPOSSIBLE
Case #2: IMPOSSIBLE
Case #3: 1 2 3 5 7 4 8 9 6
Case #4: 1 2 3 5 6 8 9 11 12 14 15 16 17 7 18 10 19 4 20 13
Case #5: 1 2 7 8 9 10 11 12 13 14 15 16 3 17 4 18 5 19 6
Case #6: 1
Case #7: 1 2 3 4 5
Case #8: 2 1
Case #9: IMPOSSIBLE
Case #10: IMPOSSIBLE
Case #11: IMPOSSIBLE
Case #12: 1 2 3 4 5 6 7 8 9 10 11 12 13 14 15
Case #13: 1 2 3
Case #14: 1 2 3 4 5
Case #15: IMPOSSIBLE
Case #16: IMPOSSIBLE
Case #17: 20 6 5 4 3 2 1 17 8 7 16 15 14 13 12 11 10 9 18 19
Case #18: 2 1 4 3
Case #19: 1
Case #20: 1 2 4 6 7 5 8 3 15 17 10 11 12 9 13 14 18 19 16 20
Case #21: 1 2 3 4 8 5 6 7 10 9
Case #22: 7 9 13 12 1 3 16 14 4 10 2 5 6 8 11 15 17 18 19 20
Case #23: 1 2 3 4 5 7 12 6 10 8 9 11 13 15 16 17 14 18 19 20
Case #24: 1 3 4 6 7 12 5 2 8 9 11 13 10 14 15
Case #25: IMPOSSIBLE
