Case #1: IMPOSSIBLE
Case #2: 1 2 4 3 5
Case #3: 14 13 12 10 2 1 9 8 7 6 5 4 3 11 20 19 18 17 16 15
Case #4: IMPOSSIBLE
Case #5: 1 2 3 4 5 6 7 8 9 10
Case #6: IMPOSSIBLE
Case #7: 3 5 7 8 9 10 2 11 13 6 14 4 15 16 12 17 1 18 19 20
Case #8: 1 2 3 4 5 6 7 8 9 10 11 12 13 14 15 16 17 18 19 20
Case #9: 1 2 3 4 5 6 8 9 7
Case #10: IMPOSSIBLE
Case #11: 1
Case #12: 1 2 7 8 9 10 11 12 13 14 15 16 3 17 4 18 5 19 6
Case #13: 1 2 3 4 5 6 7 8 9 10 11 12 13 14 15
Case #14: 1
Case #15: 2 5 14 1 8 3 4 6 7 9 11 10 12 13 15
Case #16: 4 2 3 6 13 5 7 8 15 16 17 18 11 12 19 9 10 14 20 1
Case #17: 1 2 4 5 7 3 6 8 9 11 10 14 15 12 13 16 17 18 19 20
Case #18: IMPOSSIBLE
Case #19: 2 1 4 3
Case #20: 1 2 3 4 5
Case #21: 2 1
Case #22: 1 2 3 4 5 6 7 8 10 9
Case #23: IMPOSSIBLE
Case #24: 1 2 3
Case #25: 1 2 13 3 4 5 6 7 8 9 14 16 10 11 12 15 17 18 19 20
