Case #1: IMPOSSIBLE
Case #2: 4 3 2 5 1
Case #3: 14 20 13 19 12 18 11 10 17 9 2 16 8 1 15 7 6 5 4 3
Case #4: IMPOSSIBLE
Case #5: 10 3 8 9 5 1 4 6 2 7
Case #6: IMPOSSIBLE
Case #7: 3 13 17 9 14 16 19 10 5 11 8 6 1 18 4 12 20 2 7 15
Case #8: 12 4 11 10 3 18 15 5 1 13 17 14 19 6 7 9 8 16 20 2
Case #9: 3 1 2 4 8 9 5 6 7
Case #10: IMPOSSIBLE
Case #11: 1
Case #12: 16 17 18 19 7 8 9 10 11 12 13 14 15 1 2 3 4 5 6
Case #13: 3 6 7 2 9 8 11 10 12 13 15 1 4 5 14
Case #14: 1
Case #15: 8 14 9 11 13 3 4 5 2 6 12 10 1 7 15
Case #16: 17 4 20 16 2 12 1 19 3 13 6 9 14 15 7 5 18 10 8 11
Case #17: 8 7 19 13 3 6 1 4 5 11 14 20 15 18 12 2 9 10 16 17
Case #18: IMPOSSIBLE
Case #19: 2 1 4 3
Case #20: 2 5 4 3 1
Case #21: 2 1
Case #22: IMPOSSIBLE
Case #23: IMPOSSIBLE
Case #24: 1 2 3
Case #25: 13 7 6 5 11 4 15 2 16 18 14 10 19 20 3 17 8 1 9 12
